<?xml version="1.0" encoding="UTF-8"?>
<robot generator="Robot 4.0.3 (Python 3.9.5 on win32)" generated="20210618 22:07:51.219" rpa="false" schemaversion="2">
<suite id="s1" name="Android teste" source="C:\Users\lekas\OneDrive\Área de Trabalho\Curso_Prime_Codigo\curso_prime_robot\Android_teste">
<suite id="s1-s1" name="Teste" source="C:\Users\lekas\OneDrive\Área de Trabalho\Curso_Prime_Codigo\curso_prime_robot\Android_teste\teste.robot">
<test id="s1-s1-t1" name="Search content">
<kw name="Open Youtube">
<kw name="Open Application" library="AppiumLibrary">
<arg>${REMOTE_URL}</arg>
<arg>platformName=${PLATFORM_NAME}</arg>
<arg>platformVersion=${PLATFORM_VERSION}</arg>
<arg>deviceName=${DEVICE_NAME}</arg>
<arg>appPackage=${APP_PACKAGE}</arg>
<arg>appPackage=${APP_PACKAGE}</arg>
<arg>appActivity=${APP_ACTIVITY}</arg>
<arg>automationName=${AUTOMATION_NAME}</arg>
<doc>Opens a new application to given Appium server.
Capabilities of appium server, Android and iOS,
Please check https://github.com/appium/appium/blob/master/docs/en/writing-running-appium/server-args.md
| *Option*            | *Man.* | *Description*     |
| remote_url          | Yes    | Appium server url |
| alias               | no     | alias             |</doc>
<status status="PASS" starttime="20210618 22:07:51.462" endtime="20210618 22:08:07.945"/>
</kw>
<kw name="Wait Until Page Contains Element" library="AppiumLibrary">
<arg>${BANNER_ICON}</arg>
<arg>20</arg>
<doc>Waits until element specified with `locator` appears on current page.</doc>
<status status="PASS" starttime="20210618 22:08:07.946" endtime="20210618 22:08:10.460"/>
</kw>
<status status="PASS" starttime="20210618 22:07:51.461" endtime="20210618 22:08:10.461"/>
</kw>
<kw name="Buscar o canal">
<arg>Adrenaline</arg>
<kw name="Wait Until Page Contains Element" library="AppiumLibrary">
<arg>accessibility_id=Search</arg>
<doc>Waits until element specified with `locator` appears on current page.</doc>
<status status="PASS" starttime="20210618 22:08:10.463" endtime="20210618 22:08:10.915"/>
</kw>
<kw name="Click Element" library="AppiumLibrary">
<arg>accessibility_id=Search</arg>
<doc>Click element identified by `locator`.</doc>
<msg timestamp="20210618 22:08:10.919" level="INFO">Clicking element 'accessibility_id=Search'.</msg>
<status status="PASS" starttime="20210618 22:08:10.915" endtime="20210618 22:08:11.058"/>
</kw>
<kw name="Wait Until Page Contains Element" library="AppiumLibrary">
<arg>search_edit_text</arg>
<doc>Waits until element specified with `locator` appears on current page.</doc>
<status status="PASS" starttime="20210618 22:08:11.058" endtime="20210618 22:08:12.723"/>
</kw>
<kw name="Input Text" library="AppiumLibrary">
<arg>search_edit_text</arg>
<arg>${content}</arg>
<doc>Types the given `text` into text field identified by `locator`.</doc>
<msg timestamp="20210618 22:08:12.728" level="INFO">Typing text 'Adrenaline' into text field 'search_edit_text'</msg>
<status status="PASS" starttime="20210618 22:08:12.724" endtime="20210618 22:08:13.649"/>
</kw>
<kw name="Press Keycode" library="AppiumLibrary">
<arg>66</arg>
<doc>Sends a press of keycode to the device.</doc>
<status status="PASS" starttime="20210618 22:08:13.650" endtime="20210618 22:08:14.031"/>
</kw>
<kw name="Wait Until Page Contains Element" library="AppiumLibrary">
<arg>channel_name</arg>
<doc>Waits until element specified with `locator` appears on current page.</doc>
<status status="PASS" starttime="20210618 22:08:14.032" endtime="20210618 22:08:16.828"/>
</kw>
<kw name="Click Element" library="AppiumLibrary">
<arg>channel_name</arg>
<doc>Click element identified by `locator`.</doc>
<msg timestamp="20210618 22:08:16.832" level="INFO">Clicking element 'channel_name'.</msg>
<status status="PASS" starttime="20210618 22:08:16.828" endtime="20210618 22:08:17.098"/>
</kw>
<status status="PASS" starttime="20210618 22:08:10.462" endtime="20210618 22:08:17.098"/>
</kw>
<kw name="Navegar pelo menu Playlist">
<kw name="Wait Until Page Contains Element" library="AppiumLibrary">
<arg>accessibility_id=Playlists</arg>
<doc>Waits until element specified with `locator` appears on current page.</doc>
<status status="PASS" starttime="20210618 22:08:17.100" endtime="20210618 22:08:19.572"/>
</kw>
<kw name="Click Element" library="AppiumLibrary">
<arg>accessibility_id=Playlists</arg>
<doc>Click element identified by `locator`.</doc>
<msg timestamp="20210618 22:08:19.574" level="INFO">Clicking element 'accessibility_id=Playlists'.</msg>
<status status="PASS" starttime="20210618 22:08:19.572" endtime="20210618 22:08:20.108"/>
</kw>
<status status="PASS" starttime="20210618 22:08:17.099" endtime="20210618 22:08:20.108"/>
</kw>
<kw name="Selecionar a primeira playlist do canal">
<kw name="Wait Until Page Contains Element" library="AppiumLibrary">
<arg>//android.widget.TextView[@text='E3 2021']</arg>
<doc>Waits until element specified with `locator` appears on current page.</doc>
<status status="PASS" starttime="20210618 22:08:20.109" endtime="20210618 22:08:21.663"/>
</kw>
<kw name="Click Element" library="AppiumLibrary">
<arg>//android.widget.TextView[@text='E3 2021']</arg>
<doc>Click element identified by `locator`.</doc>
<msg timestamp="20210618 22:08:21.667" level="INFO">Clicking element '//android.widget.TextView[@text='E3 2021']'.</msg>
<status status="PASS" starttime="20210618 22:08:21.663" endtime="20210618 22:08:21.932"/>
</kw>
<status status="PASS" starttime="20210618 22:08:20.108" endtime="20210618 22:08:21.933"/>
</kw>
<kw name="Navegar por todos os botões da barra de Menus do YouTube">
<kw name="Click Element" library="AppiumLibrary">
<arg>accessibility_id=Home</arg>
<doc>Click element identified by `locator`.</doc>
<msg timestamp="20210618 22:08:21.940" level="INFO">Clicking element 'accessibility_id=Home'.</msg>
<status status="PASS" starttime="20210618 22:08:21.935" endtime="20210618 22:08:23.658"/>
</kw>
<kw name="Click Element" library="AppiumLibrary">
<arg>accessibility_id=Trending</arg>
<doc>Click element identified by `locator`.</doc>
<msg timestamp="20210618 22:08:23.661" level="INFO">Clicking element 'accessibility_id=Trending'.</msg>
<status status="PASS" starttime="20210618 22:08:23.658" endtime="20210618 22:08:24.655"/>
</kw>
<kw name="Click Element" library="AppiumLibrary">
<arg>accessibility_id=Subscriptions</arg>
<doc>Click element identified by `locator`.</doc>
<msg timestamp="20210618 22:08:24.658" level="INFO">Clicking element 'accessibility_id=Subscriptions'.</msg>
<status status="PASS" starttime="20210618 22:08:24.655" endtime="20210618 22:08:27.157"/>
</kw>
<kw name="Click Element" library="AppiumLibrary">
<arg>accessibility_id=Notifications</arg>
<doc>Click element identified by `locator`.</doc>
<msg timestamp="20210618 22:08:27.160" level="INFO">Clicking element 'accessibility_id=Notifications'.</msg>
<status status="PASS" starttime="20210618 22:08:27.157" endtime="20210618 22:08:27.244"/>
</kw>
<status status="PASS" starttime="20210618 22:08:21.934" endtime="20210618 22:08:27.244"/>
</kw>
<status status="PASS" starttime="20210618 22:07:51.461" endtime="20210618 22:08:27.245"/>
</test>
<doc>automatizando o app do youtube (PrimeExperts)</doc>
<status status="PASS" starttime="20210618 22:07:51.247" endtime="20210618 22:08:27.249"/>
</suite>
<status status="PASS" starttime="20210618 22:07:51.220" endtime="20210618 22:08:27.255"/>
</suite>
<statistics>
<total>
<stat pass="1" fail="0" skip="0">All Tests</stat>
</total>
<tag>
</tag>
<suite>
<stat pass="1" fail="0" skip="0" id="s1" name="Android teste">Android teste</stat>
<stat pass="1" fail="0" skip="0" id="s1-s1" name="Teste">Android teste.Teste</stat>
</suite>
</statistics>
<errors>
</errors>
</robot>
