<?xml version="1.0" encoding="UTF-8"?>
<robot generator="Robot 4.0.3 (Python 3.9.5 on win32)" generated="20210618 22:55:19.738" rpa="false" schemaversion="2">
<suite id="s1" name="Android teste" source="C:\Users\lekas\OneDrive\Área de Trabalho\Curso_Prime_Codigo\curso_prime_robot\Android_teste">
<suite id="s1-s1" name="Teste" source="C:\Users\lekas\OneDrive\Área de Trabalho\Curso_Prime_Codigo\curso_prime_robot\Android_teste\teste.robot">
<test id="s1-s1-t1" name="Testando o Android Mobile">
<kw name="Open Youtube">
<kw name="Open Application" library="AppiumLibrary">
<arg>${REMOTE_URL}</arg>
<arg>platformName=${PLATFORM_NAME}</arg>
<arg>platformVersion=${PLATFORM_VERSION}</arg>
<arg>deviceName=${DEVICE_NAME}</arg>
<arg>appPackage=${APP_PACKAGE}</arg>
<arg>appPackage=${APP_PACKAGE}</arg>
<arg>appActivity=${APP_ACTIVITY}</arg>
<arg>automationName=${AUTOMATION_NAME}</arg>
<doc>Opens a new application to given Appium server.
Capabilities of appium server, Android and iOS,
Please check https://github.com/appium/appium/blob/master/docs/en/writing-running-appium/server-args.md
| *Option*            | *Man.* | *Description*     |
| remote_url          | Yes    | Appium server url |
| alias               | no     | alias             |</doc>
<status status="PASS" starttime="20210618 22:55:20.016" endtime="20210618 22:55:34.970"/>
</kw>
<kw name="Wait Until Page Contains Element" library="AppiumLibrary">
<arg>${BANNER_ICON}</arg>
<arg>20</arg>
<doc>Waits until element specified with `locator` appears on current page.</doc>
<status status="PASS" starttime="20210618 22:55:34.971" endtime="20210618 22:55:37.165"/>
</kw>
<status status="PASS" starttime="20210618 22:55:20.015" endtime="20210618 22:55:37.166"/>
</kw>
<kw name="Buscar o canal">
<arg>Adrenaline</arg>
<kw name="Wait Until Page Contains Element" library="AppiumLibrary">
<arg>accessibility_id=Search</arg>
<doc>Waits until element specified with `locator` appears on current page.</doc>
<status status="PASS" starttime="20210618 22:55:37.167" endtime="20210618 22:55:37.582"/>
</kw>
<kw name="Click Element" library="AppiumLibrary">
<arg>accessibility_id=Search</arg>
<doc>Click element identified by `locator`.</doc>
<msg timestamp="20210618 22:55:37.583" level="INFO">Clicking element 'accessibility_id=Search'.</msg>
<status status="PASS" starttime="20210618 22:55:37.582" endtime="20210618 22:55:37.679"/>
</kw>
<kw name="Wait Until Page Contains Element" library="AppiumLibrary">
<arg>search_edit_text</arg>
<doc>Waits until element specified with `locator` appears on current page.</doc>
<status status="PASS" starttime="20210618 22:55:37.679" endtime="20210618 22:55:39.145"/>
</kw>
<kw name="Input Text" library="AppiumLibrary">
<arg>search_edit_text</arg>
<arg>${content}</arg>
<doc>Types the given `text` into text field identified by `locator`.</doc>
<msg timestamp="20210618 22:55:39.147" level="INFO">Typing text 'Adrenaline' into text field 'search_edit_text'</msg>
<status status="PASS" starttime="20210618 22:55:39.145" endtime="20210618 22:55:39.907"/>
</kw>
<kw name="Press Keycode" library="AppiumLibrary">
<arg>66</arg>
<doc>Sends a press of keycode to the device.</doc>
<status status="PASS" starttime="20210618 22:55:39.907" endtime="20210618 22:55:40.861"/>
</kw>
<kw name="Wait Until Page Contains Element" library="AppiumLibrary">
<arg>channel_name</arg>
<doc>Waits until element specified with `locator` appears on current page.</doc>
<status status="PASS" starttime="20210618 22:55:40.861" endtime="20210618 22:55:43.273"/>
</kw>
<kw name="Click Element" library="AppiumLibrary">
<arg>channel_name</arg>
<doc>Click element identified by `locator`.</doc>
<msg timestamp="20210618 22:55:43.276" level="INFO">Clicking element 'channel_name'.</msg>
<status status="PASS" starttime="20210618 22:55:43.273" endtime="20210618 22:55:43.463"/>
</kw>
<status status="PASS" starttime="20210618 22:55:37.167" endtime="20210618 22:55:43.463"/>
</kw>
<kw name="Navegar pelo menu Playlist">
<kw name="Wait Until Page Contains Element" library="AppiumLibrary">
<arg>accessibility_id=Playlists</arg>
<doc>Waits until element specified with `locator` appears on current page.</doc>
<status status="PASS" starttime="20210618 22:55:43.465" endtime="20210618 22:55:45.508"/>
</kw>
<kw name="Click Element" library="AppiumLibrary">
<arg>accessibility_id=Playlists</arg>
<doc>Click element identified by `locator`.</doc>
<msg timestamp="20210618 22:55:45.509" level="INFO">Clicking element 'accessibility_id=Playlists'.</msg>
<status status="PASS" starttime="20210618 22:55:45.508" endtime="20210618 22:55:46.045"/>
</kw>
<status status="PASS" starttime="20210618 22:55:43.464" endtime="20210618 22:55:46.045"/>
</kw>
<kw name="Selecionar a primeira playlist do canal">
<kw name="Wait Until Page Contains Element" library="AppiumLibrary">
<arg>//android.widget.TextView[@text='E3 2021']</arg>
<doc>Waits until element specified with `locator` appears on current page.</doc>
<status status="PASS" starttime="20210618 22:55:46.047" endtime="20210618 22:55:47.514"/>
</kw>
<kw name="Click Element" library="AppiumLibrary">
<arg>//android.widget.TextView[@text='E3 2021']</arg>
<doc>Click element identified by `locator`.</doc>
<msg timestamp="20210618 22:55:47.516" level="INFO">Clicking element '//android.widget.TextView[@text='E3 2021']'.</msg>
<status status="PASS" starttime="20210618 22:55:47.514" endtime="20210618 22:55:47.673"/>
</kw>
<status status="PASS" starttime="20210618 22:55:46.046" endtime="20210618 22:55:47.673"/>
</kw>
<kw name="Navegar por todos os botões da barra de Menus do YouTube">
<kw name="Click Element" library="AppiumLibrary">
<arg>accessibility_id=Home</arg>
<doc>Click element identified by `locator`.</doc>
<msg timestamp="20210618 22:55:47.676" level="INFO">Clicking element 'accessibility_id=Home'.</msg>
<status status="PASS" starttime="20210618 22:55:47.674" endtime="20210618 22:55:49.307"/>
</kw>
<kw name="Click Element" library="AppiumLibrary">
<arg>accessibility_id=Trending</arg>
<doc>Click element identified by `locator`.</doc>
<msg timestamp="20210618 22:55:49.309" level="INFO">Clicking element 'accessibility_id=Trending'.</msg>
<status status="PASS" starttime="20210618 22:55:49.307" endtime="20210618 22:55:50.243"/>
</kw>
<kw name="Click Element" library="AppiumLibrary">
<arg>accessibility_id=Subscriptions</arg>
<doc>Click element identified by `locator`.</doc>
<msg timestamp="20210618 22:55:50.247" level="INFO">Clicking element 'accessibility_id=Subscriptions'.</msg>
<status status="PASS" starttime="20210618 22:55:50.243" endtime="20210618 22:55:52.295"/>
</kw>
<kw name="Click Element" library="AppiumLibrary">
<arg>accessibility_id=Notifications</arg>
<doc>Click element identified by `locator`.</doc>
<msg timestamp="20210618 22:55:52.297" level="INFO">Clicking element 'accessibility_id=Notifications'.</msg>
<status status="PASS" starttime="20210618 22:55:52.295" endtime="20210618 22:55:52.340"/>
</kw>
<kw name="Click Element" library="AppiumLibrary">
<arg>accessibility_id=Library</arg>
<doc>Click element identified by `locator`.</doc>
<msg timestamp="20210618 22:55:52.342" level="INFO">Clicking element 'accessibility_id=Library'.</msg>
<status status="PASS" starttime="20210618 22:55:52.340" endtime="20210618 22:55:53.293"/>
</kw>
<kw name="Close Application" library="AppiumLibrary">
<doc>Closes the current application and also close webdriver session.</doc>
<status status="PASS" starttime="20210618 22:55:53.294" endtime="20210618 22:55:54.089"/>
</kw>
<status status="PASS" starttime="20210618 22:55:47.673" endtime="20210618 22:55:54.089"/>
</kw>
<status status="PASS" starttime="20210618 22:55:20.015" endtime="20210618 22:55:54.091"/>
</test>
<doc>automatizando o app do youtube (PrimeExperts)</doc>
<status status="PASS" starttime="20210618 22:55:19.769" endtime="20210618 22:55:54.094"/>
</suite>
<status status="PASS" starttime="20210618 22:55:19.741" endtime="20210618 22:55:54.098"/>
</suite>
<statistics>
<total>
<stat pass="1" fail="0" skip="0">All Tests</stat>
</total>
<tag>
</tag>
<suite>
<stat pass="1" fail="0" skip="0" id="s1" name="Android teste">Android teste</stat>
<stat pass="1" fail="0" skip="0" id="s1-s1" name="Teste">Android teste.Teste</stat>
</suite>
</statistics>
<errors>
</errors>
</robot>
